#
# There is insufficient memory for the Java Runtime Environment to continue.
# Native memory allocation (malloc) failed to allocate 1951616 bytes for Chunk::new
# Possible reasons:
#   The system is out of physical RAM or swap space
#   In 32 bit mode, the process size limit was hit
# Possible solutions:
#   Reduce memory load on the system
#   Increase physical memory or swap space
#   Check if swap backing store is full
#   Use 64 bit Java on a 64 bit OS
#   Decrease Java heap size (-Xmx/-Xms)
#   Decrease number of Java threads
#   Decrease Java thread stack sizes (-Xss)
#   Set larger code cache with -XX:ReservedCodeCacheSize=
# This output file may be truncated or incomplete.
#
#  Out of Memory Error (allocation.cpp:390), pid=7912, tid=0x0000000000002acc
#
# JRE version: OpenJDK Runtime Environment (8.0_76-b03) (build 1.8.0_76-release-b03)
# Java VM: OpenJDK 64-Bit Server VM (25.76-b03 mixed mode windows-amd64 compressed oops)
# Failed to write core dump. Minidumps are not enabled by default on client versions of Windows
#

---------------  T H R E A D  ---------------

Current thread (0x000000001618e000):  JavaThread "C2 CompilerThread1" daemon [_thread_in_native, id=10956, stack(0x00000000177f0000,0x00000000178f0000)]

Stack: [0x00000000177f0000,0x00000000178f0000]
[error occurred during error reporting (printing stack bounds), id 0xc0000005]

Native frames: (J=compiled Java code, j=interpreted, Vv=VM code, C=native code)


Current CompileTask:
C2:   3483 1556       4       java.net.URLClassLoader$1::run (5 bytes)


---------------  P R O C E S S  ---------------

Java Threads: ( => current thread )
  0x000000001901c000 JavaThread "Stdin handler" [_thread_blocked, id=3220, stack(0x000000001a750000,0x000000001a850000)]
  0x000000001901a000 JavaThread "Asynchronous log dispatcher for org.gradle.launcher.daemon.server.DefaultDaemonConnection@4c641807" [_thread_blocked, id=9116, stack(0x000000001a650000,0x000000001a750000)]
  0x000000001902d800 JavaThread "Daemon worker" [_thread_in_native, id=10380, stack(0x000000001a350000,0x000000001a450000)]
  0x0000000018c76000 JavaThread "Cancel handler" [_thread_blocked, id=8028, stack(0x000000001a250000,0x000000001a350000)]
  0x0000000018f6b800 JavaThread "Handler for socket connection from /127.0.0.1:56254 to /127.0.0.1:56255" [_thread_in_native, id=9992, stack(0x000000001a150000,0x000000001a250000)]
  0x0000000018f69000 JavaThread "Daemon" [_thread_blocked, id=9732, stack(0x000000001a050000,0x000000001a150000)]
  0x0000000018a7a000 JavaThread "pool-1-thread-1" [_thread_blocked, id=7148, stack(0x0000000019f50000,0x000000001a050000)]
  0x0000000019362800 JavaThread "Incoming local TCP Connector on port 56254" [_thread_in_native, id=5916, stack(0x0000000019b20000,0x0000000019c20000)]
  0x0000000017a15000 JavaThread "Service Thread" daemon [_thread_blocked, id=7484, stack(0x0000000017df0000,0x0000000017ef0000)]
  0x0000000016195800 JavaThread "C1 CompilerThread2" daemon [_thread_blocked, id=1416, stack(0x00000000178f0000,0x00000000179f0000)]
=>0x000000001618e000 JavaThread "C2 CompilerThread1" daemon [_thread_in_native, id=10956, stack(0x00000000177f0000,0x00000000178f0000)]
  0x000000001618b000 JavaThread "C2 CompilerThread0" daemon [_thread_in_native, id=1408, stack(0x00000000176f0000,0x00000000177f0000)]
  0x0000000016189800 JavaThread "Attach Listener" daemon [_thread_blocked, id=8776, stack(0x00000000175f0000,0x00000000176f0000)]
  0x0000000016188000 JavaThread "Signal Dispatcher" daemon [_thread_blocked, id=10808, stack(0x00000000174f0000,0x00000000175f0000)]
  0x000000000281b000 JavaThread "Finalizer" daemon [_thread_blocked, id=5780, stack(0x00000000173f0000,0x00000000174f0000)]
  0x000000000280f000 JavaThread "Reference Handler" daemon [_thread_blocked, id=9644, stack(0x00000000172f0000,0x00000000173f0000)]
  0x0000000002720800 JavaThread "main" [_thread_blocked, id=3432, stack(0x0000000002620000,0x0000000002720000)]

Other Threads:
  0x0000000016155000 VMThread [stack: 0x00000000171f0000,0x00000000172f0000] [id=10504]
  0x0000000017a16800 WatcherThread [stack: 0x0000000017ef0000,0x0000000017ff0000] [id=2592]

VM state:not at safepoint (normal execution)

VM Mutex/Monitor currently owned by a thread: None

Heap:
 PSYoungGen      total 39936K, used 11810K [0x00000000e0000000, 0x00000000e2e00000, 0x0000000100000000)
  eden space 32768K, 20% used [0x00000000e0000000,0x00000000e06ae430,0x00000000e2000000)
  from space 7168K, 69% used [0x00000000e2700000,0x00000000e2bda468,0x00000000e2e00000)
  to   space 7168K, 0% used [0x00000000e2000000,0x00000000e2000000,0x00000000e2700000)
 ParOldGen       total 44032K, used 7622K [0x00000000a0000000, 0x00000000a2b00000, 0x00000000e0000000)
  object space 44032K, 17% used [0x00000000a0000000,0x00000000a0771b78,0x00000000a2b00000)
 Metaspace       used 18726K, capacity 19104K, committed 19328K, reserved 1067008K
  class space    used 2495K, capacity 2626K, committed 2688K, reserved 1048576K

Card table byte_map: [0x0000000011be0000,0x0000000011ef0000] byte_map_base: 0x00000000116e0000

Marking Bits: (ParMarkBitMap*) 0x0000000077f79d00
 Begin Bits: [0x00000000124f0000, 0x0000000013cf0000)
 End Bits:   [0x0000000013cf0000, 0x00000000154f0000)

Polling page: 0x0000000000d50000

CodeCache: size=245760Kb used=5754Kb max_used=5754Kb free=240005Kb
 bounds [0x0000000002820000, 0x0000000002dd0000, 0x0000000011820000]
 total_blobs=2084 nmethods=1703 adapters=294
 compilation: enabled

Compilation events (10 events):
Event: 3.462 Thread 0x0000000016195800 1710       3       groovy.lang.MetaClassImpl::createMetaBeanProperty (37 bytes)
Event: 3.463 Thread 0x0000000016195800 nmethod 1710 0x0000000002dbca50 code [0x0000000002dbcbe0, 0x0000000002dbd148]
Event: 3.463 Thread 0x0000000016195800 1703   !   3       com.sun.beans.TypeResolver::resolve (274 bytes)
Event: 3.465 Thread 0x0000000016195800 nmethod 1703 0x0000000002dbd350 code [0x0000000002dbd780, 0x0000000002dc01e8]
Event: 3.466 Thread 0x0000000016195800 1707       3       org.codehaus.groovy.util.ComplexKeyHashMap$1::hasNext (13 bytes)
Event: 3.466 Thread 0x0000000016195800 nmethod 1707 0x0000000002dc1010 code [0x0000000002dc1160, 0x0000000002dc1310]
Event: 3.466 Thread 0x0000000016195800 1708       1       groovy.lang.MetaBeanProperty::getSetter (5 bytes)
Event: 3.466 Thread 0x0000000016195800 nmethod 1708 0x0000000002dc1390 code [0x0000000002dc14e0, 0x0000000002dc15f0]
Event: 3.466 Thread 0x0000000016195800 1711       1       groovy.lang.MetaProperty::getType (5 bytes)
Event: 3.466 Thread 0x0000000016195800 nmethod 1711 0x0000000002dc1650 code [0x0000000002dc17a0, 0x0000000002dc18b0]

GC Heap History (10 events):
Event: 1.030 GC heap before
{Heap before GC invocations=2 (full 0):
 PSYoungGen      total 18944K, used 18930K [0x00000000e0000000, 0x00000000e1500000, 0x0000000100000000)
  eden space 16384K, 100% used [0x00000000e0000000,0x00000000e1000000,0x00000000e1000000)
  from space 2560K, 99% used [0x00000000e1000000,0x00000000e127cad0,0x00000000e1280000)
  to   space 2560K, 0% used [0x00000000e1280000,0x00000000e1280000,0x00000000e1500000)
 ParOldGen       total 44032K, used 581K [0x00000000a0000000, 0x00000000a2b00000, 0x00000000e0000000)
  object space 44032K, 1% used [0x00000000a0000000,0x00000000a0091420,0x00000000a2b00000)
 Metaspace       used 6091K, capacity 6320K, committed 6528K, reserved 1056768K
  class space    used 768K, capacity 832K, committed 896K, reserved 1048576K
Event: 1.033 GC heap after
Heap after GC invocations=2 (full 0):
 PSYoungGen      total 18944K, used 2108K [0x00000000e0000000, 0x00000000e1500000, 0x0000000100000000)
  eden space 16384K, 0% used [0x00000000e0000000,0x00000000e0000000,0x00000000e1000000)
  from space 2560K, 82% used [0x00000000e1280000,0x00000000e148f2b0,0x00000000e1500000)
  to   space 2560K, 0% used [0x00000000e1000000,0x00000000e1000000,0x00000000e1280000)
 ParOldGen       total 44032K, used 589K [0x00000000a0000000, 0x00000000a2b00000, 0x00000000e0000000)
  object space 44032K, 1% used [0x00000000a0000000,0x00000000a0093420,0x00000000a2b00000)
 Metaspace       used 6091K, capacity 6320K, committed 6528K, reserved 1056768K
  class space    used 768K, capacity 832K, committed 896K, reserved 1048576K
}
Event: 2.069 GC heap before
{Heap before GC invocations=3 (full 0):
 PSYoungGen      total 18944K, used 18492K [0x00000000e0000000, 0x00000000e1500000, 0x0000000100000000)
  eden space 16384K, 100% used [0x00000000e0000000,0x00000000e1000000,0x00000000e1000000)
  from space 2560K, 82% used [0x00000000e1280000,0x00000000e148f2b0,0x00000000e1500000)
  to   space 2560K, 0% used [0x00000000e1000000,0x00000000e1000000,0x00000000e1280000)
 ParOldGen       total 44032K, used 589K [0x00000000a0000000, 0x00000000a2b00000, 0x00000000e0000000)
  object space 44032K, 1% used [0x00000000a0000000,0x00000000a0093420,0x00000000a2b00000)
 Metaspace       used 10585K, capacity 10866K, committed 11008K, reserved 1058816K
  class space    used 1339K, capacity 1421K, committed 1536K, reserved 1048576K
Event: 2.074 GC heap after
Heap after GC invocations=3 (full 0):
 PSYoungGen      total 18944K, used 2544K [0x00000000e0000000, 0x00000000e1500000, 0x0000000100000000)
  eden space 16384K, 0% used [0x00000000e0000000,0x00000000e0000000,0x00000000e1000000)
  from space 2560K, 99% used [0x00000000e1000000,0x00000000e127c030,0x00000000e1280000)
  to   space 2560K, 0% used [0x00000000e1280000,0x00000000e1280000,0x00000000e1500000)
 ParOldGen       total 44032K, used 2001K [0x00000000a0000000, 0x00000000a2b00000, 0x00000000e0000000)
  object space 44032K, 4% used [0x00000000a0000000,0x00000000a01f4660,0x00000000a2b00000)
 Metaspace       used 10585K, capacity 10866K, committed 11008K, reserved 1058816K
  class space    used 1339K, capacity 1421K, committed 1536K, reserved 1048576K
}
Event: 2.367 GC heap before
{Heap before GC invocations=4 (full 0):
 PSYoungGen      total 18944K, used 18928K [0x00000000e0000000, 0x00000000e1500000, 0x0000000100000000)
  eden space 16384K, 100% used [0x00000000e0000000,0x00000000e1000000,0x00000000e1000000)
  from space 2560K, 99% used [0x00000000e1000000,0x00000000e127c030,0x00000000e1280000)
  to   space 2560K, 0% used [0x00000000e1280000,0x00000000e1280000,0x00000000e1500000)
 ParOldGen       total 44032K, used 2001K [0x00000000a0000000, 0x00000000a2b00000, 0x00000000e0000000)
  object space 44032K, 4% used [0x00000000a0000000,0x00000000a01f4660,0x00000000a2b00000)
 Metaspace       used 12444K, capacity 12860K, committed 13056K, reserved 1060864K
  class space    used 1653K, capacity 1786K, committed 1792K, reserved 1048576K
Event: 2.378 GC heap after
Heap after GC invocations=4 (full 0):
 PSYoungGen      total 18944K, used 2528K [0x00000000e0000000, 0x00000000e2500000, 0x0000000100000000)
  eden space 16384K, 0% used [0x00000000e0000000,0x00000000e0000000,0x00000000e1000000)
  from space 2560K, 98% used [0x00000000e1280000,0x00000000e14f8020,0x00000000e1500000)
  to   space 2560K, 0% used [0x00000000e1000000,0x00000000e1000000,0x00000000e1280000)
 ParOldGen       total 44032K, used 3864K [0x00000000a0000000, 0x00000000a2b00000, 0x00000000e0000000)
  object space 44032K, 8% used [0x00000000a0000000,0x00000000a03c6110,0x00000000a2b00000)
 Metaspace       used 12444K, capacity 12860K, committed 13056K, reserved 1060864K
  class space    used 1653K, capacity 1786K, committed 1792K, reserved 1048576K
}
Event: 2.752 GC heap before
{Heap before GC invocations=5 (full 0):
 PSYoungGen      total 18944K, used 18912K [0x00000000e0000000, 0x00000000e2500000, 0x0000000100000000)
  eden space 16384K, 100% used [0x00000000e0000000,0x00000000e1000000,0x00000000e1000000)
  from space 2560K, 98% used [0x00000000e1280000,0x00000000e14f8020,0x00000000e1500000)
  to   space 2560K, 0% used [0x00000000e1000000,0x00000000e1000000,0x00000000e1280000)
 ParOldGen       total 44032K, used 3864K [0x00000000a0000000, 0x00000000a2b00000, 0x00000000e0000000)
  object space 44032K, 8% used [0x00000000a0000000,0x00000000a03c6110,0x00000000a2b00000)
 Metaspace       used 16547K, capacity 16924K, committed 17152K, reserved 1064960K
  class space    used 2149K, capacity 2266K, committed 2304K, reserved 1048576K
Event: 2.759 GC heap after
Heap after GC invocations=5 (full 0):
 PSYoungGen      total 18944K, used 2544K [0x00000000e0000000, 0x00000000e2e00000, 0x0000000100000000)
  eden space 16384K, 0% used [0x00000000e0000000,0x00000000e0000000,0x00000000e1000000)
  from space 2560K, 99% used [0x00000000e1000000,0x00000000e127c010,0x00000000e1280000)
  to   space 7168K, 0% used [0x00000000e2700000,0x00000000e2700000,0x00000000e2e00000)
 ParOldGen       total 44032K, used 7622K [0x00000000a0000000, 0x00000000a2b00000, 0x00000000e0000000)
  object space 44032K, 17% used [0x00000000a0000000,0x00000000a0771b78,0x00000000a2b00000)
 Metaspace       used 16547K, capacity 16924K, committed 17152K, reserved 1064960K
  class space    used 2149K, capacity 2266K, committed 2304K, reserved 1048576K
}
Event: 3.371 GC heap before
{Heap before GC invocations=6 (full 0):
 PSYoungGen      total 18944K, used 18928K [0x00000000e0000000, 0x00000000e2e00000, 0x0000000100000000)
  eden space 16384K, 100% used [0x00000000e0000000,0x00000000e1000000,0x00000000e1000000)
  from space 2560K, 99% used [0x00000000e1000000,0x00000000e127c010,0x00000000e1280000)
  to   space 7168K, 0% used [0x00000000e2700000,0x00000000e2700000,0x00000000e2e00000)
 ParOldGen       total 44032K, used 7622K [0x00000000a0000000, 0x00000000a2b00000, 0x00000000e0000000)
  object space 44032K, 17% used [0x00000000a0000000,0x00000000a0771b78,0x00000000a2b00000)
 Metaspace       used 18530K, capacity 18874K, committed 19072K, reserved 1064960K
  class space    used 2471K, capacity 2592K, committed 2688K, reserved 1048576K
Event: 3.387 GC heap after
Heap after GC invocations=6 (full 0):
 PSYoungGen      total 39936K, used 4969K [0x00000000e0000000, 0x00000000e2e00000, 0x0000000100000000)
  eden space 32768K, 0% used [0x00000000e0000000,0x00000000e0000000,0x00000000e2000000)
  from space 7168K, 69% used [0x00000000e2700000,0x00000000e2bda468,0x00000000e2e00000)
  to   space 7168K, 0% used [0x00000000e2000000,0x00000000e2000000,0x00000000e2700000)
 ParOldGen       total 44032K, used 7622K [0x00000000a0000000, 0x00000000a2b00000, 0x00000000e0000000)
  object space 44032K, 17% used [0x00000000a0000000,0x00000000a0771b78,0x00000000a2b00000)
 Metaspace       used 18530K, capacity 18874K, committed 19072K, reserved 1064960K
  class space    used 2471K, capacity 2592K, committed 2688K, reserved 1048576K
}

Deoptimization events (10 events):
Event: 3.312 Thread 0x000000001902d800 Uncommon trap: reason=bimorphic action=maybe_recompile pc=0x0000000002ce4e64 method=java.lang.ClassLoader.loadClass(Ljava/lang/String;Z)Ljava/lang/Class; @ 38
Event: 3.316 Thread 0x000000001902d800 Uncommon trap: reason=class_check action=maybe_recompile pc=0x0000000002bc7854 method=sun.misc.URLClassPath.getLoader(I)Lsun/misc/URLClassPath$Loader; @ 94
Event: 3.316 Thread 0x000000001902d800 Uncommon trap: reason=class_check action=maybe_recompile pc=0x0000000002ae936c method=sun.misc.URLClassPath.getResource(Ljava/lang/String;Z)Lsun/misc/Resource; @ 62
Event: 3.316 Thread 0x000000001902d800 Uncommon trap: reason=unstable_if action=reinterpret pc=0x0000000002c0ae3c method=sun.net.www.ParseUtil.encodePath(Ljava/lang/String;Z)Ljava/lang/String; @ 109
Event: 3.319 Thread 0x000000001902d800 Uncommon trap: reason=bimorphic action=maybe_recompile pc=0x0000000002ce4e64 method=java.lang.ClassLoader.loadClass(Ljava/lang/String;Z)Ljava/lang/Class; @ 38
Event: 3.319 Thread 0x000000001902d800 Uncommon trap: reason=bimorphic action=maybe_recompile pc=0x0000000002ce4e64 method=java.lang.ClassLoader.loadClass(Ljava/lang/String;Z)Ljava/lang/Class; @ 38
Event: 3.400 Thread 0x000000001902d800 Uncommon trap: reason=class_check action=maybe_recompile pc=0x0000000002bc7988 method=sun.misc.URLClassPath.getLoader(I)Lsun/misc/URLClassPath$Loader; @ 193
Event: 3.417 Thread 0x000000001902d800 Uncommon trap: reason=class_check action=maybe_recompile pc=0x0000000002bc7988 method=sun.misc.URLClassPath.getLoader(I)Lsun/misc/URLClassPath$Loader; @ 193
Event: 3.417 Thread 0x000000001902d800 Uncommon trap: reason=unstable_if action=reinterpret pc=0x0000000002b35868 method=sun.net.www.ParseUtil.encodePath(Ljava/lang/String;Z)Ljava/lang/String; @ 109
Event: 3.442 Thread 0x000000001902d800 Uncommon trap: reason=class_check action=maybe_recompile pc=0x0000000002bc7988 method=sun.misc.URLClassPath.getLoader(I)Lsun/misc/URLClassPath$Loader; @ 193

Internal exceptions (10 events):
Event: 3.406 Thread 0x000000001902d800 Exception <a 'java/lang/ClassNotFoundException': org/gradle/groovy/scripts/BasicScriptCustomizer> (0x00000000e01374b0) thrown at [C:\src\android\AOSP-openjdk\external\jetbrains\jdk\hotspot\src\share\vm\classfile\systemDictionary.cpp, line 210]
Event: 3.407 Thread 0x000000001902d800 Exception <a 'java/lang/ClassNotFoundException': org/gradle/groovy/scripts/DefaultScriptCustomizer> (0x00000000e0151888) thrown at [C:\src\android\AOSP-openjdk\external\jetbrains\jdk\hotspot\src\share\vm\classfile\systemDictionary.cpp, line 210]
Event: 3.416 Thread 0x000000001902d800 Exception <a 'java/lang/ClassNotFoundException': org/gradle/initialization/InitScriptCustomizer> (0x00000000e01966b0) thrown at [C:\src\android\AOSP-openjdk\external\jetbrains\jdk\hotspot\src\share\vm\classfile\systemDictionary.cpp, line 210]
Event: 3.418 Thread 0x000000001902d800 Exception <a 'java/lang/ClassNotFoundException': asLocalRepo731_1lwzatmpfpuz9f1womsc5s0aCustomizer> (0x00000000e01a8970) thrown at [C:\src\android\AOSP-openjdk\external\jetbrains\jdk\hotspot\src\share\vm\classfile\systemDictionary.cpp, line 210]
Event: 3.448 Thread 0x000000001902d800 Exception <a 'java/lang/ClassNotFoundException': groovy/lang/Closure$1BeanInfo> (0x00000000e02509d0) thrown at [C:\src\android\AOSP-openjdk\external\jetbrains\jdk\hotspot\src\share\vm\classfile\systemDictionary.cpp, line 210]
Event: 3.448 Thread 0x000000001902d800 Exception <a 'java/lang/ClassNotFoundException': groovy/lang/ClosureBeanInfo> (0x00000000e0264650) thrown at [C:\src\android\AOSP-openjdk\external\jetbrains\jdk\hotspot\src\share\vm\classfile\systemDictionary.cpp, line 210]
Event: 3.449 Thread 0x000000001902d800 Exception <a 'java/lang/ClassNotFoundException': groovy/lang/ClosureCustomizer> (0x00000000e0278af8) thrown at [C:\src\android\AOSP-openjdk\external\jetbrains\jdk\hotspot\src\share\vm\classfile\systemDictionary.cpp, line 210]
Event: 3.455 Thread 0x000000001902d800 Exception <a 'java/lang/ClassNotFoundException': groovy/lang/Closure$1Customizer> (0x00000000e02b5f20) thrown at [C:\src\android\AOSP-openjdk\external\jetbrains\jdk\hotspot\src\share\vm\classfile\systemDictionary.cpp, line 210]
Event: 3.471 Thread 0x000000001902d800 Exception <a 'java/lang/OutOfMemoryError'> (0x00000000e032c2e0) thrown at [C:\src\android\AOSP-openjdk\external\jetbrains\jdk\hotspot\src\share\vm\prims\jni.cpp, line 735]
Event: 3.471 Thread 0x000000001902d800 Exception <a 'java/lang/OutOfMemoryError'> (0x00000000e032c2e0) thrown at [C:\src\android\AOSP-openjdk\external\jetbrains\jdk\hotspot\src\share\vm\prims\jvm.cpp, line 1390]

Events (10 events):
Event: 3.473 loading class org/gradle/tooling/internal/provider/events/DefaultOperationFinishedProgressEvent
Event: 3.473 loading class org/gradle/tooling/internal/provider/events/DefaultOperationFinishedProgressEvent done
Event: 3.473 loading class org/gradle/tooling/internal/protocol/events/InternalOperationFinishedProgressEvent
Event: 3.474 loading class org/gradle/tooling/internal/protocol/events/InternalOperationFinishedProgressEvent done
Event: 3.474 loading class org/gradle/tooling/internal/provider/events/DefaultFailure
Event: 3.474 loading class org/gradle/tooling/internal/provider/events/DefaultFailure done
Event: 3.475 loading class org/gradle/tooling/internal/protocol/InternalFailure
Event: 3.475 loading class org/gradle/tooling/internal/protocol/InternalFailure done
Event: 3.475 loading class java/lang/Throwable$WrappedPrintWriter
Event: 3.476 loading class java/lang/Throwable$PrintStreamOrWriter


Dynamic libraries:
0x00007ff6caf20000 - 0x00007ff6caf51000 	C:\Program Files\Android\Android Studio\jre\bin\java.exe
0x00007ffe9ec50000 - 0x00007ffe9ee21000 	C:\WINDOWS\SYSTEM32\ntdll.dll
0x00007ffe9e050000 - 0x00007ffe9e0fb000 	C:\WINDOWS\System32\KERNEL32.DLL
0x00007ffe7e740000 - 0x00007ffe7e774000 	C:\Program Files\AVAST Software\Avast\x64\aswhooka.dll
0x00007ffe9bdf0000 - 0x00007ffe9c00d000 	C:\WINDOWS\System32\KERNELBASE.dll
0x00007ffe9c850000 - 0x00007ffe9c8f2000 	C:\WINDOWS\System32\ADVAPI32.dll
0x00007ffe9c380000 - 0x00007ffe9c41e000 	C:\WINDOWS\System32\msvcrt.dll
0x00007ffe9eb40000 - 0x00007ffe9eb99000 	C:\WINDOWS\System32\sechost.dll
0x00007ffe9c560000 - 0x00007ffe9c681000 	C:\WINDOWS\System32\RPCRT4.dll
0x00007ffe9e4e0000 - 0x00007ffe9e645000 	C:\WINDOWS\System32\USER32.dll
0x00007ffe9b820000 - 0x00007ffe9b83e000 	C:\WINDOWS\System32\win32u.dll
0x00007ffe9e4a0000 - 0x00007ffe9e4d4000 	C:\WINDOWS\System32\GDI32.dll
0x00007ffe9b990000 - 0x00007ffe9bb12000 	C:\WINDOWS\System32\gdi32full.dll
0x00007ffe93760000 - 0x00007ffe939d9000 	C:\WINDOWS\WinSxS\amd64_microsoft.windows.common-controls_6595b64144ccf1df_6.0.14393.447_none_42191651c6827bb3\COMCTL32.dll
0x00007ffe9e100000 - 0x00007ffe9e3c7000 	C:\WINDOWS\System32\combase.dll
0x00007ffe9bbd0000 - 0x00007ffe9bcc5000 	C:\WINDOWS\System32\ucrtbase.dll
0x00007ffe9bcd0000 - 0x00007ffe9bd3a000 	C:\WINDOWS\System32\bcryptPrimitives.dll
0x00007ffe9df20000 - 0x00007ffe9df4e000 	C:\WINDOWS\System32\IMM32.DLL
0x0000000050250000 - 0x0000000050322000 	C:\Program Files\Android\Android Studio\jre\jre\bin\msvcr100.dll
0x00000000777c0000 - 0x0000000077ff4000 	C:\Program Files\Android\Android Studio\jre\jre\bin\server\jvm.dll
0x00007ffe9ec40000 - 0x00007ffe9ec48000 	C:\WINDOWS\System32\PSAPI.DLL
0x00007ffe8cb70000 - 0x00007ffe8cb79000 	C:\WINDOWS\SYSTEM32\WSOCK32.dll
0x00007ffe9e430000 - 0x00007ffe9e49a000 	C:\WINDOWS\System32\WS2_32.dll
0x00007ffe995f0000 - 0x00007ffe99613000 	C:\WINDOWS\SYSTEM32\WINMM.dll
0x00007ffe939f0000 - 0x00007ffe939fa000 	C:\WINDOWS\SYSTEM32\VERSION.dll
0x00007ffe99590000 - 0x00007ffe995bb000 	C:\WINDOWS\SYSTEM32\WINMMBASE.dll
0x00007ffe9bd40000 - 0x00007ffe9bd82000 	C:\WINDOWS\System32\cfgmgr32.dll
0x00007ffe94640000 - 0x00007ffe9464f000 	C:\Program Files\Android\Android Studio\jre\jre\bin\verify.dll
0x00007ffe87e00000 - 0x00007ffe87e29000 	C:\Program Files\Android\Android Studio\jre\jre\bin\java.dll
0x00007ffe8a390000 - 0x00007ffe8a3a6000 	C:\Program Files\Android\Android Studio\jre\jre\bin\zip.dll
0x00007ffe9c960000 - 0x00007ffe9de69000 	C:\WINDOWS\System32\SHELL32.dll
0x00007ffe9b140000 - 0x00007ffe9b81a000 	C:\WINDOWS\System32\windows.storage.dll
0x00007ffe9b0d0000 - 0x00007ffe9b11c000 	C:\WINDOWS\System32\powrprof.dll
0x00007ffe9c690000 - 0x00007ffe9c6e2000 	C:\WINDOWS\System32\shlwapi.dll
0x00007ffe9b0b0000 - 0x00007ffe9b0bf000 	C:\WINDOWS\System32\kernel.appcore.dll
0x00007ffe9bb20000 - 0x00007ffe9bbc9000 	C:\WINDOWS\System32\shcore.dll
0x00007ffe9b120000 - 0x00007ffe9b134000 	C:\WINDOWS\System32\profapi.dll
0x00007ffe946c0000 - 0x00007ffe946da000 	C:\Program Files\Android\Android Studio\jre\jre\bin\net.dll
0x00007ffe9a8b0000 - 0x00007ffe9a90c000 	C:\WINDOWS\system32\mswsock.dll
0x00007ffe946a0000 - 0x00007ffe946b1000 	C:\Program Files\Android\Android Studio\jre\jre\bin\nio.dll
0x00007ffe8aa20000 - 0x00007ffe8aa32000 	C:\Users\Naseem\.gradle\native\19\windows-amd64\native-platform.dll
0x00007ffe9ab20000 - 0x00007ffe9ab37000 	C:\WINDOWS\SYSTEM32\CRYPTSP.dll
0x00007ffe9aa30000 - 0x00007ffe9aa63000 	C:\WINDOWS\system32\rsaenh.dll
0x00007ffe9aff0000 - 0x00007ffe9b01b000 	C:\WINDOWS\SYSTEM32\bcrypt.dll
0x00007ffe9a730000 - 0x00007ffe9a74f000 	C:\WINDOWS\SYSTEM32\USERENV.dll
0x00007ffe9ab40000 - 0x00007ffe9ab4b000 	C:\WINDOWS\SYSTEM32\CRYPTBASE.dll
0x00007ffe9a640000 - 0x00007ffe9a678000 	C:\WINDOWS\SYSTEM32\IPHLPAPI.DLL
0x00007ffe9df10000 - 0x00007ffe9df18000 	C:\WINDOWS\System32\NSI.dll
0x00007ffe942d0000 - 0x00007ffe942e6000 	C:\WINDOWS\SYSTEM32\dhcpcsvc6.DLL
0x00007ffe94380000 - 0x00007ffe9439a000 	C:\WINDOWS\SYSTEM32\dhcpcsvc.DLL
0x00007ffe94660000 - 0x00007ffe9466d000 	C:\Program Files\Android\Android Studio\jre\jre\bin\management.dll

VM Arguments:
jvm_args: -Xmx1536m -Dfile.encoding=windows-1252 -Duser.country=IN -Duser.language=en -Duser.variant 
java_command: org.gradle.launcher.daemon.bootstrap.GradleDaemon 2.14.1
java_class_path (initial): C:\Users\Naseem\.gradle\wrapper\dists\gradle-2.14.1-all\8bnwg5hd3w55iofp58khbp6yv\gradle-2.14.1\lib\gradle-launcher-2.14.1.jar
Launcher Type: SUN_STANDARD

Environment Variables:
JAVA_HOME=C:\Program Files\Java\jdk1.8.0_101
PATH=C:\Users\Naseem\AppData\Local\Android\sdk;C:\Newgradle\gradle-3.1\bin;C:\Program Files\Git\cmd;C:\Program Files\Git\mingw64\bin;C:\Program Files\Git\usr\bin;C:\Program Files\OpenSSL\bin\;C:\Program Files (x86)\Skype\Phone\;C:\Program Files\Java\jdk1.8.0_101\bin
USERNAME=Naseem
OS=Windows_NT
PROCESSOR_IDENTIFIER=Intel64 Family 6 Model 58 Stepping 9, GenuineIntel



---------------  S Y S T E M  ---------------

OS: Windows 10.0 , 64 bit Build 14393 (10.0.14393.0)

CPU:total 4 (2 cores per cpu, 2 threads per core) family 6 model 58 stepping 9, cmov, cx8, fxsr, mmx, sse, sse2, sse3, ssse3, sse4.1, sse4.2, popcnt, avx, clmul, erms, ht, tsc, tscinvbit, tscinv

Memory: 4k page, physical 4090216k(506496k free), swap 7235944k(5480k free)

vm_info: OpenJDK 64-Bit Server VM (25.76-b03) for windows-amd64 JRE (1.8.0_76-release-b03), built on Jun 29 2016 19:09:20 by "ralucas" with MS VC++ 10.0 (VS2010)

time: Fri Feb 23 12:09:09 2018
elapsed time: 3 seconds (0d 0h 0m 3s)

