#
# There is insufficient memory for the Java Runtime Environment to continue.
# Native memory allocation (malloc) failed to allocate 32744 bytes for ChunkPool::allocate
# Possible reasons:
#   The system is out of physical RAM or swap space
#   In 32 bit mode, the process size limit was hit
# Possible solutions:
#   Reduce memory load on the system
#   Increase physical memory or swap space
#   Check if swap backing store is full
#   Use 64 bit Java on a 64 bit OS
#   Decrease Java heap size (-Xmx/-Xms)
#   Decrease number of Java threads
#   Decrease Java thread stack sizes (-Xss)
#   Set larger code cache with -XX:ReservedCodeCacheSize=
# This output file may be truncated or incomplete.
#
#  Out of Memory Error (allocation.cpp:273), pid=5492, tid=0x0000000000002bf8
#
# JRE version: OpenJDK Runtime Environment (8.0_76-b03) (build 1.8.0_76-release-b03)
# Java VM: OpenJDK 64-Bit Server VM (25.76-b03 mixed mode windows-amd64 compressed oops)
# Failed to write core dump. Minidumps are not enabled by default on client versions of Windows
#

---------------  T H R E A D  ---------------

Current thread (0x00000000168a0000):  JavaThread "C2 CompilerThread1" daemon [_thread_in_native, id=11256, stack(0x0000000017ff0000,0x00000000180f0000)]

Stack: [0x0000000017ff0000,0x00000000180f0000]
[error occurred during error reporting (printing stack bounds), id 0xc0000005]

Native frames: (J=compiled Java code, j=interpreted, Vv=VM code, C=native code)


Current CompileTask:
C2:   3563 1600   !   4       java.net.URLClassLoader$1::run (63 bytes)


---------------  P R O C E S S  ---------------

Java Threads: ( => current thread )
  0x0000000019693800 JavaThread "Stdin handler" [_thread_blocked, id=10744, stack(0x000000001b000000,0x000000001b100000)]
  0x000000001964d000 JavaThread "Asynchronous log dispatcher for org.gradle.launcher.daemon.server.DefaultDaemonConnection@d9b537b" [_thread_blocked, id=7308, stack(0x000000001af00000,0x000000001b000000)]
  0x0000000019647800 JavaThread "Daemon worker" [_thread_in_vm, id=11092, stack(0x000000001ac00000,0x000000001ad00000)]
  0x0000000019c56800 JavaThread "Cancel handler" [_thread_blocked, id=9088, stack(0x000000001ab00000,0x000000001ac00000)]
  0x000000001926c800 JavaThread "Handler for socket connection from /127.0.0.1:54610 to /127.0.0.1:54611" [_thread_in_native, id=10764, stack(0x000000001aa00000,0x000000001ab00000)]
  0x000000001926c000 JavaThread "Daemon" [_thread_blocked, id=7224, stack(0x000000001a900000,0x000000001aa00000)]
  0x000000001957c800 JavaThread "pool-1-thread-1" [_thread_blocked, id=11108, stack(0x000000001a800000,0x000000001a900000)]
  0x000000001955b000 JavaThread "Incoming local TCP Connector on port 54610" [_thread_in_native, id=2396, stack(0x0000000018ff0000,0x00000000190f0000)]
  0x0000000018218800 JavaThread "Service Thread" daemon [_thread_blocked, id=10256, stack(0x00000000185f0000,0x00000000186f0000)]
  0x00000000168a7000 JavaThread "C1 CompilerThread2" daemon [_thread_blocked, id=9496, stack(0x00000000180f0000,0x00000000181f0000)]
=>0x00000000168a0000 JavaThread "C2 CompilerThread1" daemon [_thread_in_native, id=11256, stack(0x0000000017ff0000,0x00000000180f0000)]
  0x000000001689d000 JavaThread "C2 CompilerThread0" daemon [_thread_in_native, id=4264, stack(0x0000000017ef0000,0x0000000017ff0000)]
  0x000000001689b800 JavaThread "Attach Listener" daemon [_thread_blocked, id=8932, stack(0x0000000017df0000,0x0000000017ef0000)]
  0x000000001689a000 JavaThread "Signal Dispatcher" daemon [_thread_blocked, id=2872, stack(0x0000000017cf0000,0x0000000017df0000)]
  0x0000000002f2b000 JavaThread "Finalizer" daemon [_thread_blocked, id=10140, stack(0x0000000017b00000,0x0000000017c00000)]
  0x0000000002f1f000 JavaThread "Reference Handler" daemon [_thread_blocked, id=10276, stack(0x0000000017a00000,0x0000000017b00000)]
  0x0000000002e30800 JavaThread "main" [_thread_blocked, id=7088, stack(0x0000000002cb0000,0x0000000002db0000)]

Other Threads:
  0x0000000016865000 VMThread [stack: 0x0000000017900000,0x0000000017a00000] [id=7332]
  0x000000001821b000 WatcherThread [stack: 0x00000000186f0000,0x00000000187f0000] [id=1324]

VM state:not at safepoint (normal execution)

VM Mutex/Monitor currently owned by a thread: None

Heap:
 PSYoungGen      total 39936K, used 7682K [0x00000000e0000000, 0x00000000e2e00000, 0x0000000100000000)
  eden space 32768K, 8% used [0x00000000e0000000,0x00000000e02b6530,0x00000000e2000000)
  from space 7168K, 68% used [0x00000000e2700000,0x00000000e2bca408,0x00000000e2e00000)
  to   space 7168K, 0% used [0x00000000e2000000,0x00000000e2000000,0x00000000e2700000)
 ParOldGen       total 44032K, used 7708K [0x00000000a0000000, 0x00000000a2b00000, 0x00000000e0000000)
  object space 44032K, 17% used [0x00000000a0000000,0x00000000a07870d0,0x00000000a2b00000)
 Metaspace       used 18719K, capacity 19104K, committed 19328K, reserved 1067008K
  class space    used 2491K, capacity 2626K, committed 2688K, reserved 1048576K

Card table byte_map: [0x00000000122f0000,0x0000000012600000] byte_map_base: 0x0000000011df0000

Marking Bits: (ParMarkBitMap*) 0x0000000077f79d00
 Begin Bits: [0x0000000012c00000, 0x0000000014400000)
 End Bits:   [0x0000000014400000, 0x0000000015c00000)

Polling page: 0x0000000002c00000

CodeCache: size=245760Kb used=5738Kb max_used=5738Kb free=240021Kb
 bounds [0x0000000002f30000, 0x00000000034d0000, 0x0000000011f30000]
 total_blobs=2079 nmethods=1700 adapters=292
 compilation: enabled

Compilation events (10 events):
Event: 3.547 Thread 0x00000000168a7000 nmethod 1701 0x00000000034bce90 code [0x00000000034bd0c0, 0x00000000034bdfc8]
Event: 3.548 Thread 0x00000000168a7000 1702   !   3       com.sun.beans.TypeResolver::resolve (274 bytes)
Event: 3.551 Thread 0x00000000168a7000 nmethod 1702 0x00000000034be990 code [0x00000000034bedc0, 0x00000000034c1828]
Event: 3.551 Thread 0x00000000168a7000 1704       3       java.util.TreeMap::put (247 bytes)
Event: 3.552 Thread 0x00000000168a7000 nmethod 1704 0x00000000034c2650 code [0x00000000034c28c0, 0x00000000034c3a98]
Event: 3.554 Thread 0x00000000168a7000 1705   !   3       java.lang.reflect.Executable::sharedToGenericString (329 bytes)
Event: 3.560 Thread 0x00000000168a7000 nmethod 1705 0x00000000034c41d0 code [0x00000000034c46e0, 0x00000000034c7f18]
Event: 3.560 Thread 0x00000000168a7000 1707       3       org.codehaus.groovy.util.ComplexKeyHashMap$1::hasNext (13 bytes)
Event: 3.560 Thread 0x00000000168a7000 nmethod 1707 0x00000000034ca510 code [0x00000000034ca660, 0x00000000034ca810]
Event: 3.560 Thread 0x00000000168a7000 1706  s!   3       java.beans.PropertyDescriptor::getWriteMethod (165 bytes)

GC Heap History (10 events):
Event: 1.031 GC heap before
{Heap before GC invocations=2 (full 0):
 PSYoungGen      total 18944K, used 18929K [0x00000000e0000000, 0x00000000e1500000, 0x0000000100000000)
  eden space 16384K, 100% used [0x00000000e0000000,0x00000000e1000000,0x00000000e1000000)
  from space 2560K, 99% used [0x00000000e1000000,0x00000000e127c768,0x00000000e1280000)
  to   space 2560K, 0% used [0x00000000e1280000,0x00000000e1280000,0x00000000e1500000)
 ParOldGen       total 44032K, used 554K [0x00000000a0000000, 0x00000000a2b00000, 0x00000000e0000000)
  object space 44032K, 1% used [0x00000000a0000000,0x00000000a008aae8,0x00000000a2b00000)
 Metaspace       used 6091K, capacity 6320K, committed 6528K, reserved 1056768K
  class space    used 768K, capacity 832K, committed 896K, reserved 1048576K
Event: 1.037 GC heap after
Heap after GC invocations=2 (full 0):
 PSYoungGen      total 18944K, used 2092K [0x00000000e0000000, 0x00000000e2500000, 0x0000000100000000)
  eden space 16384K, 0% used [0x00000000e0000000,0x00000000e0000000,0x00000000e1000000)
  from space 2560K, 81% used [0x00000000e1280000,0x00000000e148b2a0,0x00000000e1500000)
  to   space 2560K, 0% used [0x00000000e1000000,0x00000000e1000000,0x00000000e1280000)
 ParOldGen       total 44032K, used 562K [0x00000000a0000000, 0x00000000a2b00000, 0x00000000e0000000)
  object space 44032K, 1% used [0x00000000a0000000,0x00000000a008cae8,0x00000000a2b00000)
 Metaspace       used 6091K, capacity 6320K, committed 6528K, reserved 1056768K
  class space    used 768K, capacity 832K, committed 896K, reserved 1048576K
}
Event: 2.107 GC heap before
{Heap before GC invocations=3 (full 0):
 PSYoungGen      total 18944K, used 18476K [0x00000000e0000000, 0x00000000e2500000, 0x0000000100000000)
  eden space 16384K, 100% used [0x00000000e0000000,0x00000000e1000000,0x00000000e1000000)
  from space 2560K, 81% used [0x00000000e1280000,0x00000000e148b2a0,0x00000000e1500000)
  to   space 2560K, 0% used [0x00000000e1000000,0x00000000e1000000,0x00000000e1280000)
 ParOldGen       total 44032K, used 562K [0x00000000a0000000, 0x00000000a2b00000, 0x00000000e0000000)
  object space 44032K, 1% used [0x00000000a0000000,0x00000000a008cae8,0x00000000a2b00000)
 Metaspace       used 10673K, capacity 10960K, committed 11264K, reserved 1058816K
  class space    used 1355K, capacity 1436K, committed 1536K, reserved 1048576K
Event: 2.112 GC heap after
Heap after GC invocations=3 (full 0):
 PSYoungGen      total 18944K, used 2528K [0x00000000e0000000, 0x00000000e1500000, 0x0000000100000000)
  eden space 16384K, 0% used [0x00000000e0000000,0x00000000e0000000,0x00000000e1000000)
  from space 2560K, 98% used [0x00000000e1000000,0x00000000e1278040,0x00000000e1280000)
  to   space 2560K, 0% used [0x00000000e1280000,0x00000000e1280000,0x00000000e1500000)
 ParOldGen       total 44032K, used 2030K [0x00000000a0000000, 0x00000000a2b00000, 0x00000000e0000000)
  object space 44032K, 4% used [0x00000000a0000000,0x00000000a01fb9f8,0x00000000a2b00000)
 Metaspace       used 10673K, capacity 10960K, committed 11264K, reserved 1058816K
  class space    used 1355K, capacity 1436K, committed 1536K, reserved 1048576K
}
Event: 2.383 GC heap before
{Heap before GC invocations=4 (full 0):
 PSYoungGen      total 18944K, used 18912K [0x00000000e0000000, 0x00000000e1500000, 0x0000000100000000)
  eden space 16384K, 100% used [0x00000000e0000000,0x00000000e1000000,0x00000000e1000000)
  from space 2560K, 98% used [0x00000000e1000000,0x00000000e1278040,0x00000000e1280000)
  to   space 2560K, 0% used [0x00000000e1280000,0x00000000e1280000,0x00000000e1500000)
 ParOldGen       total 44032K, used 2030K [0x00000000a0000000, 0x00000000a2b00000, 0x00000000e0000000)
  object space 44032K, 4% used [0x00000000a0000000,0x00000000a01fb9f8,0x00000000a2b00000)
 Metaspace       used 12553K, capacity 12924K, committed 13056K, reserved 1060864K
  class space    used 1661K, capacity 1786K, committed 1792K, reserved 1048576K
Event: 2.389 GC heap after
Heap after GC invocations=4 (full 0):
 PSYoungGen      total 18944K, used 2560K [0x00000000e0000000, 0x00000000e2500000, 0x0000000100000000)
  eden space 16384K, 0% used [0x00000000e0000000,0x00000000e0000000,0x00000000e1000000)
  from space 2560K, 100% used [0x00000000e1280000,0x00000000e1500000,0x00000000e1500000)
  to   space 2560K, 0% used [0x00000000e1000000,0x00000000e1000000,0x00000000e1280000)
 ParOldGen       total 44032K, used 3934K [0x00000000a0000000, 0x00000000a2b00000, 0x00000000e0000000)
  object space 44032K, 8% used [0x00000000a0000000,0x00000000a03d78d8,0x00000000a2b00000)
 Metaspace       used 12553K, capacity 12924K, committed 13056K, reserved 1060864K
  class space    used 1661K, capacity 1786K, committed 1792K, reserved 1048576K
}
Event: 2.719 GC heap before
{Heap before GC invocations=5 (full 0):
 PSYoungGen      total 18944K, used 18944K [0x00000000e0000000, 0x00000000e2500000, 0x0000000100000000)
  eden space 16384K, 100% used [0x00000000e0000000,0x00000000e1000000,0x00000000e1000000)
  from space 2560K, 100% used [0x00000000e1280000,0x00000000e1500000,0x00000000e1500000)
  to   space 2560K, 0% used [0x00000000e1000000,0x00000000e1000000,0x00000000e1280000)
 ParOldGen       total 44032K, used 3934K [0x00000000a0000000, 0x00000000a2b00000, 0x00000000e0000000)
  object space 44032K, 8% used [0x00000000a0000000,0x00000000a03d78d8,0x00000000a2b00000)
 Metaspace       used 16574K, capacity 16924K, committed 17152K, reserved 1064960K
  class space    used 2149K, capacity 2266K, committed 2304K, reserved 1048576K
Event: 2.728 GC heap after
Heap after GC invocations=5 (full 0):
 PSYoungGen      total 18944K, used 2548K [0x00000000e0000000, 0x00000000e2e00000, 0x0000000100000000)
  eden space 16384K, 0% used [0x00000000e0000000,0x00000000e0000000,0x00000000e1000000)
  from space 2560K, 99% used [0x00000000e1000000,0x00000000e127d3e0,0x00000000e1280000)
  to   space 7168K, 0% used [0x00000000e2700000,0x00000000e2700000,0x00000000e2e00000)
 ParOldGen       total 44032K, used 7700K [0x00000000a0000000, 0x00000000a2b00000, 0x00000000e0000000)
  object space 44032K, 17% used [0x00000000a0000000,0x00000000a07850d0,0x00000000a2b00000)
 Metaspace       used 16574K, capacity 16924K, committed 17152K, reserved 1064960K
  class space    used 2149K, capacity 2266K, committed 2304K, reserved 1048576K
}
Event: 3.432 GC heap before
{Heap before GC invocations=6 (full 0):
 PSYoungGen      total 18944K, used 18932K [0x00000000e0000000, 0x00000000e2e00000, 0x0000000100000000)
  eden space 16384K, 100% used [0x00000000e0000000,0x00000000e1000000,0x00000000e1000000)
  from space 2560K, 99% used [0x00000000e1000000,0x00000000e127d3e0,0x00000000e1280000)
  to   space 7168K, 0% used [0x00000000e2700000,0x00000000e2700000,0x00000000e2e00000)
 ParOldGen       total 44032K, used 7700K [0x00000000a0000000, 0x00000000a2b00000, 0x00000000e0000000)
  object space 44032K, 17% used [0x00000000a0000000,0x00000000a07850d0,0x00000000a2b00000)
 Metaspace       used 18541K, capacity 18874K, committed 19072K, reserved 1064960K
  class space    used 2471K, capacity 2592K, committed 2688K, reserved 1048576K
Event: 3.446 GC heap after
Heap after GC invocations=6 (full 0):
 PSYoungGen      total 39936K, used 4905K [0x00000000e0000000, 0x00000000e2e00000, 0x0000000100000000)
  eden space 32768K, 0% used [0x00000000e0000000,0x00000000e0000000,0x00000000e2000000)
  from space 7168K, 68% used [0x00000000e2700000,0x00000000e2bca408,0x00000000e2e00000)
  to   space 7168K, 0% used [0x00000000e2000000,0x00000000e2000000,0x00000000e2700000)
 ParOldGen       total 44032K, used 7708K [0x00000000a0000000, 0x00000000a2b00000, 0x00000000e0000000)
  object space 44032K, 17% used [0x00000000a0000000,0x00000000a07870d0,0x00000000a2b00000)
 Metaspace       used 18541K, capacity 18874K, committed 19072K, reserved 1064960K
  class space    used 2471K, capacity 2592K, committed 2688K, reserved 1048576K
}

Deoptimization events (10 events):
Event: 3.399 Thread 0x0000000019647800 Uncommon trap: reason=bimorphic action=maybe_recompile pc=0x00000000033ede20 method=java.lang.ClassLoader.loadClass(Ljava/lang/String;Z)Ljava/lang/Class; @ 38
Event: 3.401 Thread 0x0000000019647800 Uncommon trap: reason=class_check action=maybe_recompile pc=0x00000000032cf854 method=sun.misc.URLClassPath.getLoader(I)Lsun/misc/URLClassPath$Loader; @ 94
Event: 3.401 Thread 0x0000000019647800 Uncommon trap: reason=class_check action=maybe_recompile pc=0x00000000031f94ac method=sun.misc.URLClassPath.getResource(Ljava/lang/String;Z)Lsun/misc/Resource; @ 62
Event: 3.401 Thread 0x0000000019647800 Uncommon trap: reason=unstable_if action=reinterpret pc=0x000000000331503c method=sun.net.www.ParseUtil.encodePath(Ljava/lang/String;Z)Ljava/lang/String; @ 109
Event: 3.403 Thread 0x0000000019647800 Uncommon trap: reason=bimorphic action=maybe_recompile pc=0x00000000033ede20 method=java.lang.ClassLoader.loadClass(Ljava/lang/String;Z)Ljava/lang/Class; @ 38
Event: 3.403 Thread 0x0000000019647800 Uncommon trap: reason=bimorphic action=maybe_recompile pc=0x00000000033ede20 method=java.lang.ClassLoader.loadClass(Ljava/lang/String;Z)Ljava/lang/Class; @ 38
Event: 3.474 Thread 0x0000000019647800 Uncommon trap: reason=class_check action=maybe_recompile pc=0x00000000032cf988 method=sun.misc.URLClassPath.getLoader(I)Lsun/misc/URLClassPath$Loader; @ 193
Event: 3.495 Thread 0x0000000019647800 Uncommon trap: reason=class_check action=maybe_recompile pc=0x00000000032cf988 method=sun.misc.URLClassPath.getLoader(I)Lsun/misc/URLClassPath$Loader; @ 193
Event: 3.495 Thread 0x0000000019647800 Uncommon trap: reason=unstable_if action=reinterpret pc=0x000000000323ee28 method=sun.net.www.ParseUtil.encodePath(Ljava/lang/String;Z)Ljava/lang/String; @ 109
Event: 3.531 Thread 0x0000000019647800 Uncommon trap: reason=class_check action=maybe_recompile pc=0x00000000032cf988 method=sun.misc.URLClassPath.getLoader(I)Lsun/misc/URLClassPath$Loader; @ 193

Internal exceptions (10 events):
Event: 3.478 Thread 0x0000000019647800 Exception <a 'java/lang/ClassNotFoundException': groovy/lang/ScriptCustomizer> (0x00000000e00b4c78) thrown at [C:\src\android\AOSP-openjdk\external\jetbrains\jdk\hotspot\src\share\vm\classfile\systemDictionary.cpp, line 210]
Event: 3.479 Thread 0x0000000019647800 Exception <a 'java/lang/ClassNotFoundException': org/gradle/groovy/scripts/ScriptCustomizer> (0x00000000e00cb850) thrown at [C:\src\android\AOSP-openjdk\external\jetbrains\jdk\hotspot\src\share\vm\classfile\systemDictionary.cpp, line 210]
Event: 3.481 Thread 0x0000000019647800 Exception <a 'java/lang/ClassNotFoundException': org/gradle/groovy/scripts/BasicScriptCustomizer> (0x00000000e00e3260) thrown at [C:\src\android\AOSP-openjdk\external\jetbrains\jdk\hotspot\src\share\vm\classfile\systemDictionary.cpp, line 210]
Event: 3.483 Thread 0x0000000019647800 Exception <a 'java/lang/ClassNotFoundException': org/gradle/groovy/scripts/DefaultScriptCustomizer> (0x00000000e00fd638) thrown at [C:\src\android\AOSP-openjdk\external\jetbrains\jdk\hotspot\src\share\vm\classfile\systemDictionary.cpp, line 210]
Event: 3.494 Thread 0x0000000019647800 Exception <a 'java/lang/ClassNotFoundException': org/gradle/initialization/InitScriptCustomizer> (0x00000000e01425e8) thrown at [C:\src\android\AOSP-openjdk\external\jetbrains\jdk\hotspot\src\share\vm\classfile\systemDictionary.cpp, line 210]
Event: 3.496 Thread 0x0000000019647800 Exception <a 'java/lang/ClassNotFoundException': asLocalRepo661_5pdiqjo7ygd73kz3aykks2gqzCustomizer> (0x00000000e0154888) thrown at [C:\src\android\AOSP-openjdk\external\jetbrains\jdk\hotspot\src\share\vm\classfile\systemDictionary.cpp, line 210]
Event: 3.537 Thread 0x0000000019647800 Exception <a 'java/lang/ClassNotFoundException': groovy/lang/Closure$1BeanInfo> (0x00000000e0206220) thrown at [C:\src\android\AOSP-openjdk\external\jetbrains\jdk\hotspot\src\share\vm\classfile\systemDictionary.cpp, line 210]
Event: 3.539 Thread 0x0000000019647800 Exception <a 'java/lang/ClassNotFoundException': groovy/lang/ClosureBeanInfo> (0x00000000e0219ea0) thrown at [C:\src\android\AOSP-openjdk\external\jetbrains\jdk\hotspot\src\share\vm\classfile\systemDictionary.cpp, line 210]
Event: 3.541 Thread 0x0000000019647800 Exception <a 'java/lang/ClassNotFoundException': groovy/lang/ClosureCustomizer> (0x00000000e022e408) thrown at [C:\src\android\AOSP-openjdk\external\jetbrains\jdk\hotspot\src\share\vm\classfile\systemDictionary.cpp, line 210]
Event: 3.554 Thread 0x0000000019647800 Exception <a 'java/lang/ClassNotFoundException': groovy/lang/Closure$1Customizer> (0x00000000e026b870) thrown at [C:\src\android\AOSP-openjdk\external\jetbrains\jdk\hotspot\src\share\vm\classfile\systemDictionary.cpp, line 210]

Events (10 events):
Event: 3.556 loading class org/codehaus/groovy/runtime/callsite/BooleanClosureWrapper
Event: 3.556 loading class org/codehaus/groovy/runtime/callsite/BooleanClosureWrapper done
Event: 3.558 loading class groovy/runtime/metaclass/asLocalRepo661_5pdiqjo7ygd73kz3aykks2gqz$_run_closure1MetaClass
Event: 3.558 loading class groovy/runtime/metaclass/asLocalRepo661_5pdiqjo7ygd73kz3aykks2gqz$_run_closure1MetaClass done
Event: 3.558 loading class org/codehaus/groovy/runtime/metaclass/ClosureMetaClass
Event: 3.558 loading class org/codehaus/groovy/runtime/metaclass/ClosureMetaClass done
Event: 3.560 loading class org/codehaus/groovy/runtime/metaclass/ClosureMetaClass$1
Event: 3.560 loading class org/codehaus/groovy/runtime/metaclass/ClosureMetaClass$1 done
Event: 3.561 loading class org/codehaus/groovy/runtime/metaclass/ClosureMetaClass$MethodChooser
Event: 3.561 loading class org/codehaus/groovy/runtime/metaclass/ClosureMetaClass$MethodChooser done


Dynamic libraries:
0x00007ff7d8810000 - 0x00007ff7d8841000 	C:\Program Files\Android\Android Studio\jre\bin\java.exe
0x00007ffe9ec50000 - 0x00007ffe9ee21000 	C:\WINDOWS\SYSTEM32\ntdll.dll
0x00007ffe9e050000 - 0x00007ffe9e0fb000 	C:\WINDOWS\System32\KERNEL32.DLL
0x00007ffe7e740000 - 0x00007ffe7e774000 	C:\Program Files\AVAST Software\Avast\x64\aswhooka.dll
0x00007ffe9bdf0000 - 0x00007ffe9c00d000 	C:\WINDOWS\System32\KERNELBASE.dll
0x00007ffe9c850000 - 0x00007ffe9c8f2000 	C:\WINDOWS\System32\ADVAPI32.dll
0x00007ffe9c380000 - 0x00007ffe9c41e000 	C:\WINDOWS\System32\msvcrt.dll
0x00007ffe9eb40000 - 0x00007ffe9eb99000 	C:\WINDOWS\System32\sechost.dll
0x00007ffe9c560000 - 0x00007ffe9c681000 	C:\WINDOWS\System32\RPCRT4.dll
0x00007ffe9e4e0000 - 0x00007ffe9e645000 	C:\WINDOWS\System32\USER32.dll
0x00007ffe9b820000 - 0x00007ffe9b83e000 	C:\WINDOWS\System32\win32u.dll
0x00007ffe9e4a0000 - 0x00007ffe9e4d4000 	C:\WINDOWS\System32\GDI32.dll
0x00007ffe9b990000 - 0x00007ffe9bb12000 	C:\WINDOWS\System32\gdi32full.dll
0x00007ffe93760000 - 0x00007ffe939d9000 	C:\WINDOWS\WinSxS\amd64_microsoft.windows.common-controls_6595b64144ccf1df_6.0.14393.447_none_42191651c6827bb3\COMCTL32.dll
0x00007ffe9e100000 - 0x00007ffe9e3c7000 	C:\WINDOWS\System32\combase.dll
0x00007ffe9bbd0000 - 0x00007ffe9bcc5000 	C:\WINDOWS\System32\ucrtbase.dll
0x00007ffe9bcd0000 - 0x00007ffe9bd3a000 	C:\WINDOWS\System32\bcryptPrimitives.dll
0x00007ffe9df20000 - 0x00007ffe9df4e000 	C:\WINDOWS\System32\IMM32.DLL
0x0000000050250000 - 0x0000000050322000 	C:\Program Files\Android\Android Studio\jre\jre\bin\msvcr100.dll
0x00000000777c0000 - 0x0000000077ff4000 	C:\Program Files\Android\Android Studio\jre\jre\bin\server\jvm.dll
0x00007ffe9ec40000 - 0x00007ffe9ec48000 	C:\WINDOWS\System32\PSAPI.DLL
0x00007ffe8cb70000 - 0x00007ffe8cb79000 	C:\WINDOWS\SYSTEM32\WSOCK32.dll
0x00007ffe9e430000 - 0x00007ffe9e49a000 	C:\WINDOWS\System32\WS2_32.dll
0x00007ffe995f0000 - 0x00007ffe99613000 	C:\WINDOWS\SYSTEM32\WINMM.dll
0x00007ffe939f0000 - 0x00007ffe939fa000 	C:\WINDOWS\SYSTEM32\VERSION.dll
0x00007ffe99590000 - 0x00007ffe995bb000 	C:\WINDOWS\SYSTEM32\WINMMBASE.dll
0x00007ffe9bd40000 - 0x00007ffe9bd82000 	C:\WINDOWS\System32\cfgmgr32.dll
0x00007ffe94640000 - 0x00007ffe9464f000 	C:\Program Files\Android\Android Studio\jre\jre\bin\verify.dll
0x00007ffe87e00000 - 0x00007ffe87e29000 	C:\Program Files\Android\Android Studio\jre\jre\bin\java.dll
0x00007ffe8a390000 - 0x00007ffe8a3a6000 	C:\Program Files\Android\Android Studio\jre\jre\bin\zip.dll
0x00007ffe9c960000 - 0x00007ffe9de69000 	C:\WINDOWS\System32\SHELL32.dll
0x00007ffe9b140000 - 0x00007ffe9b81a000 	C:\WINDOWS\System32\windows.storage.dll
0x00007ffe9b0d0000 - 0x00007ffe9b11c000 	C:\WINDOWS\System32\powrprof.dll
0x00007ffe9c690000 - 0x00007ffe9c6e2000 	C:\WINDOWS\System32\shlwapi.dll
0x00007ffe9b0b0000 - 0x00007ffe9b0bf000 	C:\WINDOWS\System32\kernel.appcore.dll
0x00007ffe9bb20000 - 0x00007ffe9bbc9000 	C:\WINDOWS\System32\shcore.dll
0x00007ffe9b120000 - 0x00007ffe9b134000 	C:\WINDOWS\System32\profapi.dll
0x00007ffe946c0000 - 0x00007ffe946da000 	C:\Program Files\Android\Android Studio\jre\jre\bin\net.dll
0x00007ffe9a8b0000 - 0x00007ffe9a90c000 	C:\WINDOWS\system32\mswsock.dll
0x00007ffe946a0000 - 0x00007ffe946b1000 	C:\Program Files\Android\Android Studio\jre\jre\bin\nio.dll
0x00007ffe8aa20000 - 0x00007ffe8aa32000 	C:\Users\Naseem\.gradle\native\19\windows-amd64\native-platform.dll
0x00007ffe9ab20000 - 0x00007ffe9ab37000 	C:\WINDOWS\SYSTEM32\CRYPTSP.dll
0x00007ffe9aa30000 - 0x00007ffe9aa63000 	C:\WINDOWS\system32\rsaenh.dll
0x00007ffe9aff0000 - 0x00007ffe9b01b000 	C:\WINDOWS\SYSTEM32\bcrypt.dll
0x00007ffe9a730000 - 0x00007ffe9a74f000 	C:\WINDOWS\SYSTEM32\USERENV.dll
0x00007ffe9ab40000 - 0x00007ffe9ab4b000 	C:\WINDOWS\SYSTEM32\CRYPTBASE.dll
0x00007ffe9a640000 - 0x00007ffe9a678000 	C:\WINDOWS\SYSTEM32\IPHLPAPI.DLL
0x00007ffe9df10000 - 0x00007ffe9df18000 	C:\WINDOWS\System32\NSI.dll
0x00007ffe942d0000 - 0x00007ffe942e6000 	C:\WINDOWS\SYSTEM32\dhcpcsvc6.DLL
0x00007ffe94380000 - 0x00007ffe9439a000 	C:\WINDOWS\SYSTEM32\dhcpcsvc.DLL
0x00007ffe94660000 - 0x00007ffe9466d000 	C:\Program Files\Android\Android Studio\jre\jre\bin\management.dll

VM Arguments:
jvm_args: -Xmx1536m -Dfile.encoding=windows-1252 -Duser.country=IN -Duser.language=en -Duser.variant 
java_command: org.gradle.launcher.daemon.bootstrap.GradleDaemon 2.14.1
java_class_path (initial): C:\Users\Naseem\.gradle\wrapper\dists\gradle-2.14.1-all\8bnwg5hd3w55iofp58khbp6yv\gradle-2.14.1\lib\gradle-launcher-2.14.1.jar
Launcher Type: SUN_STANDARD

Environment Variables:
JAVA_HOME=C:\Program Files\Java\jdk1.8.0_101
PATH=C:\Users\Naseem\AppData\Local\Android\sdk;C:\Newgradle\gradle-3.1\bin;C:\Program Files\Git\cmd;C:\Program Files\Git\mingw64\bin;C:\Program Files\Git\usr\bin;C:\Program Files\OpenSSL\bin\;C:\Program Files (x86)\Skype\Phone\;C:\Program Files\Java\jdk1.8.0_101\bin
USERNAME=Naseem
OS=Windows_NT
PROCESSOR_IDENTIFIER=Intel64 Family 6 Model 58 Stepping 9, GenuineIntel



---------------  S Y S T E M  ---------------

OS: Windows 10.0 , 64 bit Build 14393 (10.0.14393.0)

CPU:total 4 (2 cores per cpu, 2 threads per core) family 6 model 58 stepping 9, cmov, cx8, fxsr, mmx, sse, sse2, sse3, ssse3, sse4.1, sse4.2, popcnt, avx, clmul, erms, ht, tsc, tscinvbit, tscinv

Memory: 4k page, physical 4090216k(493244k free), swap 7235944k(3112k free)

vm_info: OpenJDK 64-Bit Server VM (25.76-b03) for windows-amd64 JRE (1.8.0_76-release-b03), built on Jun 29 2016 19:09:20 by "ralucas" with MS VC++ 10.0 (VS2010)

time: Fri Feb 23 11:44:41 2018
elapsed time: 3 seconds (0d 0h 0m 3s)

