#
# There is insufficient memory for the Java Runtime Environment to continue.
# Native memory allocation (malloc) failed to allocate 2312816 bytes for Chunk::new
# Possible reasons:
#   The system is out of physical RAM or swap space
#   In 32 bit mode, the process size limit was hit
# Possible solutions:
#   Reduce memory load on the system
#   Increase physical memory or swap space
#   Check if swap backing store is full
#   Use 64 bit Java on a 64 bit OS
#   Decrease Java heap size (-Xmx/-Xms)
#   Decrease number of Java threads
#   Decrease Java thread stack sizes (-Xss)
#   Set larger code cache with -XX:ReservedCodeCacheSize=
# This output file may be truncated or incomplete.
#
#  Out of Memory Error (allocation.cpp:390), pid=9672, tid=0x0000000000002be0
#
# JRE version: OpenJDK Runtime Environment (8.0_76-b03) (build 1.8.0_76-release-b03)
# Java VM: OpenJDK 64-Bit Server VM (25.76-b03 mixed mode windows-amd64 compressed oops)
# Failed to write core dump. Minidumps are not enabled by default on client versions of Windows
#

---------------  T H R E A D  ---------------

Current thread (0x00000000167f6000):  JavaThread "C2 CompilerThread1" daemon [_thread_in_native, id=11232, stack(0x0000000017f60000,0x0000000018060000)]

Stack: [0x0000000017f60000,0x0000000018060000]
[error occurred during error reporting (printing stack bounds), id 0xc0000005]

Native frames: (J=compiled Java code, j=interpreted, Vv=VM code, C=native code)


Current CompileTask:
C2:   3601 1552       4       java.net.URLClassLoader$1::run (5 bytes)


---------------  P R O C E S S  ---------------

Java Threads: ( => current thread )
  0x00000000193a7800 JavaThread "Stdin handler" [_thread_blocked, id=820, stack(0x000000001aec0000,0x000000001afc0000)]
  0x00000000193a4000 JavaThread "Asynchronous log dispatcher for org.gradle.launcher.daemon.server.DefaultDaemonConnection@7b62bde9" [_thread_blocked, id=4080, stack(0x000000001adc0000,0x000000001aec0000)]
  0x00000000193a0800 JavaThread "Daemon worker" [_thread_in_vm, id=5156, stack(0x000000001aac0000,0x000000001abc0000)]
  0x000000001992b800 JavaThread "Cancel handler" [_thread_blocked, id=5944, stack(0x000000001a9c0000,0x000000001aac0000)]
  0x0000000019935800 JavaThread "Handler for socket connection from /127.0.0.1:56727 to /127.0.0.1:56728" [_thread_in_native, id=9272, stack(0x000000001a8c0000,0x000000001a9c0000)]
  0x0000000019934800 JavaThread "Daemon" [_thread_blocked, id=5424, stack(0x000000001a7c0000,0x000000001a8c0000)]
  0x000000001930e000 JavaThread "pool-1-thread-1" [_thread_blocked, id=9680, stack(0x000000001a6c0000,0x000000001a7c0000)]
  0x0000000019390800 JavaThread "Incoming local TCP Connector on port 56727" [_thread_in_native, id=7196, stack(0x0000000018f60000,0x0000000019060000)]
  0x0000000018180800 JavaThread "Service Thread" daemon [_thread_blocked, id=5368, stack(0x0000000018560000,0x0000000018660000)]
  0x00000000167fa000 JavaThread "C1 CompilerThread2" daemon [_thread_in_native, id=7560, stack(0x0000000018060000,0x0000000018160000)]
=>0x00000000167f6000 JavaThread "C2 CompilerThread1" daemon [_thread_in_native, id=11232, stack(0x0000000017f60000,0x0000000018060000)]
  0x0000000016806000 JavaThread "C2 CompilerThread0" daemon [_thread_in_native, id=10880, stack(0x0000000017e60000,0x0000000017f60000)]
  0x0000000016804800 JavaThread "Attach Listener" daemon [_thread_blocked, id=5080, stack(0x0000000017d60000,0x0000000017e60000)]
  0x0000000016803000 JavaThread "Signal Dispatcher" daemon [_thread_blocked, id=2180, stack(0x0000000017c60000,0x0000000017d60000)]
  0x0000000002e8b000 JavaThread "Finalizer" daemon [_thread_blocked, id=5104, stack(0x0000000017a70000,0x0000000017b70000)]
  0x0000000002e7f000 JavaThread "Reference Handler" daemon [_thread_blocked, id=10156, stack(0x0000000017970000,0x0000000017a70000)]
  0x0000000002d90800 JavaThread "main" [_thread_blocked, id=3812, stack(0x0000000002bf0000,0x0000000002cf0000)]

Other Threads:
  0x00000000167c5000 VMThread [stack: 0x0000000017870000,0x0000000017970000] [id=3292]
  0x0000000016814000 WatcherThread [stack: 0x0000000018660000,0x0000000018760000] [id=10716]

VM state:not at safepoint (normal execution)

VM Mutex/Monitor currently owned by a thread: None

Heap:
 PSYoungGen      total 39936K, used 7151K [0x00000000e0000000, 0x00000000e2e00000, 0x0000000100000000)
  eden space 32768K, 6% used [0x00000000e0000000,0x00000000e02297e8,0x00000000e2000000)
  from space 7168K, 68% used [0x00000000e2700000,0x00000000e2bd2428,0x00000000e2e00000)
  to   space 7168K, 0% used [0x00000000e2000000,0x00000000e2000000,0x00000000e2700000)
 ParOldGen       total 44032K, used 7718K [0x00000000a0000000, 0x00000000a2b00000, 0x00000000e0000000)
  object space 44032K, 17% used [0x00000000a0000000,0x00000000a0789b98,0x00000000a2b00000)
 Metaspace       used 18613K, capacity 18938K, committed 19328K, reserved 1067008K
  class space    used 2479K, capacity 2592K, committed 2688K, reserved 1048576K

Card table byte_map: [0x0000000012250000,0x0000000012560000] byte_map_base: 0x0000000011d50000

Marking Bits: (ParMarkBitMap*) 0x0000000077f79d00
 Begin Bits: [0x0000000012b60000, 0x0000000014360000)
 End Bits:   [0x0000000014360000, 0x0000000015b60000)

Polling page: 0x0000000001140000

CodeCache: size=245760Kb used=5657Kb max_used=5657Kb free=240102Kb
 bounds [0x0000000002e90000, 0x0000000003420000, 0x0000000011e90000]
 total_blobs=2048 nmethods=1669 adapters=292
 compilation: enabled

Compilation events (10 events):
Event: 3.594 Thread 0x00000000167fa000 nmethod 1671 0x0000000003412dd0 code [0x0000000003413000, 0x0000000003413ca8]
Event: 3.594 Thread 0x00000000167fa000 1672       3       org.codehaus.groovy.util.SingleKeyHashMap::put (10 bytes)
Event: 3.594 Thread 0x00000000167fa000 nmethod 1672 0x0000000003414210 code [0x0000000003414380, 0x00000000034145a8]
Event: 3.594 Thread 0x00000000167fa000 1673       3       groovy.lang.MetaProperty::<init> (15 bytes)
Event: 3.595 Thread 0x00000000167fa000 nmethod 1673 0x0000000003414690 code [0x00000000034147e0, 0x00000000034149b0]
Event: 3.595 Thread 0x00000000167fa000 1674       3       groovy.lang.MetaClassImpl::filterPropertyMethod (318 bytes)
Event: 3.597 Thread 0x00000000167fa000 nmethod 1674 0x0000000003414a50 code [0x0000000003414d40, 0x0000000003416888]
Event: 3.597 Thread 0x00000000167fa000 1675       3       org.codehaus.groovy.util.SingleKeyHashMap::get (67 bytes)
Event: 3.598 Thread 0x00000000167fa000 nmethod 1675 0x0000000003417150 code [0x0000000003417300, 0x00000000034179d8]
Event: 3.598 Thread 0x00000000167fa000 1676   !   3       groovy.lang.MetaClassImpl::getPropName (81 bytes)

GC Heap History (10 events):
Event: 0.977 GC heap before
{Heap before GC invocations=2 (full 0):
 PSYoungGen      total 18944K, used 18917K [0x00000000e0000000, 0x00000000e1500000, 0x0000000100000000)
  eden space 16384K, 100% used [0x00000000e0000000,0x00000000e1000000,0x00000000e1000000)
  from space 2560K, 98% used [0x00000000e1000000,0x00000000e1279480,0x00000000e1280000)
  to   space 2560K, 0% used [0x00000000e1280000,0x00000000e1280000,0x00000000e1500000)
 ParOldGen       total 44032K, used 613K [0x00000000a0000000, 0x00000000a2b00000, 0x00000000e0000000)
  object space 44032K, 1% used [0x00000000a0000000,0x00000000a0099498,0x00000000a2b00000)
 Metaspace       used 6090K, capacity 6320K, committed 6528K, reserved 1056768K
  class space    used 769K, capacity 832K, committed 896K, reserved 1048576K
Event: 0.980 GC heap after
Heap after GC invocations=2 (full 0):
 PSYoungGen      total 18944K, used 2124K [0x00000000e0000000, 0x00000000e1500000, 0x0000000100000000)
  eden space 16384K, 0% used [0x00000000e0000000,0x00000000e0000000,0x00000000e1000000)
  from space 2560K, 82% used [0x00000000e1280000,0x00000000e14932a0,0x00000000e1500000)
  to   space 2560K, 0% used [0x00000000e1000000,0x00000000e1000000,0x00000000e1280000)
 ParOldGen       total 44032K, used 621K [0x00000000a0000000, 0x00000000a2b00000, 0x00000000e0000000)
  object space 44032K, 1% used [0x00000000a0000000,0x00000000a009b498,0x00000000a2b00000)
 Metaspace       used 6090K, capacity 6320K, committed 6528K, reserved 1056768K
  class space    used 769K, capacity 832K, committed 896K, reserved 1048576K
}
Event: 2.267 GC heap before
{Heap before GC invocations=3 (full 0):
 PSYoungGen      total 18944K, used 18508K [0x00000000e0000000, 0x00000000e1500000, 0x0000000100000000)
  eden space 16384K, 100% used [0x00000000e0000000,0x00000000e1000000,0x00000000e1000000)
  from space 2560K, 82% used [0x00000000e1280000,0x00000000e14932a0,0x00000000e1500000)
  to   space 2560K, 0% used [0x00000000e1000000,0x00000000e1000000,0x00000000e1280000)
 ParOldGen       total 44032K, used 621K [0x00000000a0000000, 0x00000000a2b00000, 0x00000000e0000000)
  object space 44032K, 1% used [0x00000000a0000000,0x00000000a009b498,0x00000000a2b00000)
 Metaspace       used 10669K, capacity 10990K, committed 11264K, reserved 1058816K
  class space    used 1356K, capacity 1467K, committed 1536K, reserved 1048576K
Event: 2.272 GC heap after
Heap after GC invocations=3 (full 0):
 PSYoungGen      total 18944K, used 2544K [0x00000000e0000000, 0x00000000e1500000, 0x0000000100000000)
  eden space 16384K, 0% used [0x00000000e0000000,0x00000000e0000000,0x00000000e1000000)
  from space 2560K, 99% used [0x00000000e1000000,0x00000000e127c050,0x00000000e1280000)
  to   space 2560K, 0% used [0x00000000e1280000,0x00000000e1280000,0x00000000e1500000)
 ParOldGen       total 44032K, used 2064K [0x00000000a0000000, 0x00000000a2b00000, 0x00000000e0000000)
  object space 44032K, 4% used [0x00000000a0000000,0x00000000a02043a8,0x00000000a2b00000)
 Metaspace       used 10669K, capacity 10990K, committed 11264K, reserved 1058816K
  class space    used 1356K, capacity 1467K, committed 1536K, reserved 1048576K
}
Event: 2.583 GC heap before
{Heap before GC invocations=4 (full 0):
 PSYoungGen      total 18944K, used 18928K [0x00000000e0000000, 0x00000000e1500000, 0x0000000100000000)
  eden space 16384K, 100% used [0x00000000e0000000,0x00000000e1000000,0x00000000e1000000)
  from space 2560K, 99% used [0x00000000e1000000,0x00000000e127c050,0x00000000e1280000)
  to   space 2560K, 0% used [0x00000000e1280000,0x00000000e1280000,0x00000000e1500000)
 ParOldGen       total 44032K, used 2064K [0x00000000a0000000, 0x00000000a2b00000, 0x00000000e0000000)
  object space 44032K, 4% used [0x00000000a0000000,0x00000000a02043a8,0x00000000a2b00000)
 Metaspace       used 12524K, capacity 12924K, committed 13056K, reserved 1060864K
  class space    used 1661K, capacity 1786K, committed 1792K, reserved 1048576K
Event: 2.589 GC heap after
Heap after GC invocations=4 (full 0):
 PSYoungGen      total 18944K, used 2544K [0x00000000e0000000, 0x00000000e1500000, 0x0000000100000000)
  eden space 16384K, 0% used [0x00000000e0000000,0x00000000e0000000,0x00000000e1000000)
  from space 2560K, 99% used [0x00000000e1280000,0x00000000e14fc010,0x00000000e1500000)
  to   space 2560K, 0% used [0x00000000e1000000,0x00000000e1000000,0x00000000e1280000)
 ParOldGen       total 44032K, used 3973K [0x00000000a0000000, 0x00000000a2b00000, 0x00000000e0000000)
  object space 44032K, 9% used [0x00000000a0000000,0x00000000a03e1660,0x00000000a2b00000)
 Metaspace       used 12524K, capacity 12924K, committed 13056K, reserved 1060864K
  class space    used 1661K, capacity 1786K, committed 1792K, reserved 1048576K
}
Event: 2.989 GC heap before
{Heap before GC invocations=5 (full 0):
 PSYoungGen      total 18944K, used 18928K [0x00000000e0000000, 0x00000000e1500000, 0x0000000100000000)
  eden space 16384K, 100% used [0x00000000e0000000,0x00000000e1000000,0x00000000e1000000)
  from space 2560K, 99% used [0x00000000e1280000,0x00000000e14fc010,0x00000000e1500000)
  to   space 2560K, 0% used [0x00000000e1000000,0x00000000e1000000,0x00000000e1280000)
 ParOldGen       total 44032K, used 3973K [0x00000000a0000000, 0x00000000a2b00000, 0x00000000e0000000)
  object space 44032K, 9% used [0x00000000a0000000,0x00000000a03e1660,0x00000000a2b00000)
 Metaspace       used 16559K, capacity 16956K, committed 17152K, reserved 1064960K
  class space    used 2150K, capacity 2298K, committed 2304K, reserved 1048576K
Event: 2.998 GC heap after
Heap after GC invocations=5 (full 0):
 PSYoungGen      total 18944K, used 2549K [0x00000000e0000000, 0x00000000e2e00000, 0x0000000100000000)
  eden space 16384K, 0% used [0x00000000e0000000,0x00000000e0000000,0x00000000e1000000)
  from space 2560K, 99% used [0x00000000e1000000,0x00000000e127d400,0x00000000e1280000)
  to   space 7168K, 0% used [0x00000000e2700000,0x00000000e2700000,0x00000000e2e00000)
 ParOldGen       total 44032K, used 7710K [0x00000000a0000000, 0x00000000a2b00000, 0x00000000e0000000)
  object space 44032K, 17% used [0x00000000a0000000,0x00000000a0787b98,0x00000000a2b00000)
 Metaspace       used 16559K, capacity 16956K, committed 17152K, reserved 1064960K
  class space    used 2150K, capacity 2298K, committed 2304K, reserved 1048576K
}
Event: 3.556 GC heap before
{Heap before GC invocations=6 (full 0):
 PSYoungGen      total 18944K, used 18933K [0x00000000e0000000, 0x00000000e2e00000, 0x0000000100000000)
  eden space 16384K, 100% used [0x00000000e0000000,0x00000000e1000000,0x00000000e1000000)
  from space 2560K, 99% used [0x00000000e1000000,0x00000000e127d400,0x00000000e1280000)
  to   space 7168K, 0% used [0x00000000e2700000,0x00000000e2700000,0x00000000e2e00000)
 ParOldGen       total 44032K, used 7710K [0x00000000a0000000, 0x00000000a2b00000, 0x00000000e0000000)
  object space 44032K, 17% used [0x00000000a0000000,0x00000000a0787b98,0x00000000a2b00000)
 Metaspace       used 18532K, capacity 18874K, committed 19072K, reserved 1064960K
  class space    used 2473K, capacity 2592K, committed 2688K, reserved 1048576K
Event: 3.565 GC heap after
Heap after GC invocations=6 (full 0):
 PSYoungGen      total 39936K, used 4937K [0x00000000e0000000, 0x00000000e2e00000, 0x0000000100000000)
  eden space 32768K, 0% used [0x00000000e0000000,0x00000000e0000000,0x00000000e2000000)
  from space 7168K, 68% used [0x00000000e2700000,0x00000000e2bd2428,0x00000000e2e00000)
  to   space 7168K, 0% used [0x00000000e2000000,0x00000000e2000000,0x00000000e2700000)
 ParOldGen       total 44032K, used 7718K [0x00000000a0000000, 0x00000000a2b00000, 0x00000000e0000000)
  object space 44032K, 17% used [0x00000000a0000000,0x00000000a0789b98,0x00000000a2b00000)
 Metaspace       used 18532K, capacity 18874K, committed 19072K, reserved 1064960K
  class space    used 2473K, capacity 2592K, committed 2688K, reserved 1048576K
}

Deoptimization events (10 events):
Event: 3.535 Thread 0x00000000193a0800 Uncommon trap: reason=bimorphic action=maybe_recompile pc=0x00000000033546a0 method=java.lang.ClassLoader.loadClass(Ljava/lang/String;Z)Ljava/lang/Class; @ 38
Event: 3.535 Thread 0x00000000193a0800 Uncommon trap: reason=bimorphic action=maybe_recompile pc=0x00000000033546a0 method=java.lang.ClassLoader.loadClass(Ljava/lang/String;Z)Ljava/lang/Class; @ 38
Event: 3.536 Thread 0x00000000193a0800 Uncommon trap: reason=class_check action=maybe_recompile pc=0x000000000323ad64 method=sun.misc.URLClassPath.getLoader(I)Lsun/misc/URLClassPath$Loader; @ 94
Event: 3.536 Thread 0x00000000193a0800 Uncommon trap: reason=class_check action=maybe_recompile pc=0x0000000003155f6c method=sun.misc.URLClassPath.getResource(Ljava/lang/String;Z)Lsun/misc/Resource; @ 62
Event: 3.536 Thread 0x00000000193a0800 Uncommon trap: reason=unstable_if action=reinterpret pc=0x000000000327e63c method=sun.net.www.ParseUtil.encodePath(Ljava/lang/String;Z)Ljava/lang/String; @ 109
Event: 3.538 Thread 0x00000000193a0800 Uncommon trap: reason=bimorphic action=maybe_recompile pc=0x00000000033546a0 method=java.lang.ClassLoader.loadClass(Ljava/lang/String;Z)Ljava/lang/Class; @ 38
Event: 3.539 Thread 0x00000000193a0800 Uncommon trap: reason=bimorphic action=maybe_recompile pc=0x00000000033546a0 method=java.lang.ClassLoader.loadClass(Ljava/lang/String;Z)Ljava/lang/Class; @ 38
Event: 3.576 Thread 0x00000000193a0800 Uncommon trap: reason=class_check action=maybe_recompile pc=0x000000000323ae98 method=sun.misc.URLClassPath.getLoader(I)Lsun/misc/URLClassPath$Loader; @ 193
Event: 3.590 Thread 0x00000000193a0800 Uncommon trap: reason=class_check action=maybe_recompile pc=0x000000000323ae98 method=sun.misc.URLClassPath.getLoader(I)Lsun/misc/URLClassPath$Loader; @ 193
Event: 3.590 Thread 0x00000000193a0800 Uncommon trap: reason=unstable_if action=reinterpret pc=0x00000000031a3d28 method=sun.net.www.ParseUtil.encodePath(Ljava/lang/String;Z)Ljava/lang/String; @ 109

Internal exceptions (10 events):
Event: 3.578 Thread 0x00000000193a0800 Exception <a 'java/lang/ClassNotFoundException': org/gradle/groovy/scripts/DefaultScriptBeanInfo> (0x00000000e009b518) thrown at [C:\src\android\AOSP-openjdk\external\jetbrains\jdk\hotspot\src\share\vm\classfile\systemDictionary.cpp, line 210]
Event: 3.578 Thread 0x00000000193a0800 Exception <a 'java/lang/ClassNotFoundException': org/gradle/groovy/scripts/BasicScriptBeanInfo> (0x00000000e00a90a0) thrown at [C:\src\android\AOSP-openjdk\external\jetbrains\jdk\hotspot\src\share\vm\classfile\systemDictionary.cpp, line 210]
Event: 3.579 Thread 0x00000000193a0800 Exception <a 'java/lang/ClassNotFoundException': org/gradle/groovy/scripts/ScriptBeanInfo> (0x00000000e00b5fa8) thrown at [C:\src\android\AOSP-openjdk\external\jetbrains\jdk\hotspot\src\share\vm\classfile\systemDictionary.cpp, line 210]
Event: 3.579 Thread 0x00000000193a0800 Exception <a 'java/lang/ClassNotFoundException': groovy/lang/ScriptBeanInfo> (0x00000000e00c0438) thrown at [C:\src\android\AOSP-openjdk\external\jetbrains\jdk\hotspot\src\share\vm\classfile\systemDictionary.cpp, line 210]
Event: 3.580 Thread 0x00000000193a0800 Exception <a 'java/lang/ClassNotFoundException': groovy/lang/ScriptCustomizer> (0x00000000e00cb288) thrown at [C:\src\android\AOSP-openjdk\external\jetbrains\jdk\hotspot\src\share\vm\classfile\systemDictionary.cpp, line 210]
Event: 3.581 Thread 0x00000000193a0800 Exception <a 'java/lang/ClassNotFoundException': org/gradle/groovy/scripts/ScriptCustomizer> (0x00000000e00e1e60) thrown at [C:\src\android\AOSP-openjdk\external\jetbrains\jdk\hotspot\src\share\vm\classfile\systemDictionary.cpp, line 210]
Event: 3.582 Thread 0x00000000193a0800 Exception <a 'java/lang/ClassNotFoundException': org/gradle/groovy/scripts/BasicScriptCustomizer> (0x00000000e00f9870) thrown at [C:\src\android\AOSP-openjdk\external\jetbrains\jdk\hotspot\src\share\vm\classfile\systemDictionary.cpp, line 210]
Event: 3.584 Thread 0x00000000193a0800 Exception <a 'java/lang/ClassNotFoundException': org/gradle/groovy/scripts/DefaultScriptCustomizer> (0x00000000e0113c98) thrown at [C:\src\android\AOSP-openjdk\external\jetbrains\jdk\hotspot\src\share\vm\classfile\systemDictionary.cpp, line 210]
Event: 3.589 Thread 0x00000000193a0800 Exception <a 'java/lang/ClassNotFoundException': org/gradle/initialization/InitScriptCustomizer> (0x00000000e0158a90) thrown at [C:\src\android\AOSP-openjdk\external\jetbrains\jdk\hotspot\src\share\vm\classfile\systemDictionary.cpp, line 210]
Event: 3.591 Thread 0x00000000193a0800 Exception <a 'java/lang/ClassNotFoundException': asLocalRepo234_d5vhulx2ut070ehocd5omo2l8Customizer> (0x00000000e016ad18) thrown at [C:\src\android\AOSP-openjdk\external\jetbrains\jdk\hotspot\src\share\vm\classfile\systemDictionary.cpp, line 210]

Events (10 events):
Event: 3.590 Thread 0x00000000193a0800 DEOPT PACKING pc=0x00000000031a3d28 sp=0x000000001abba620
Event: 3.590 Thread 0x00000000193a0800 DEOPT UNPACKING pc=0x0000000002ed556a sp=0x000000001abba5d0 mode 2
Event: 3.591 loading class asLocalRepo234_d5vhulx2ut070ehocd5omo2l8Customizer
Event: 3.591 loading class asLocalRepo234_d5vhulx2ut070ehocd5omo2l8Customizer done
Event: 3.591 loading class asLocalRepo234_d5vhulx2ut070ehocd5omo2l8Customizer
Event: 3.591 loading class asLocalRepo234_d5vhulx2ut070ehocd5omo2l8Customizer done
Event: 3.593 loading class org/codehaus/groovy/reflection/ClassInfo
Event: 3.593 loading class org/codehaus/groovy/reflection/ClassInfo done
Event: 3.598 loading class org/codehaus/groovy/runtime/callsite/AbstractCallSite
Event: 3.598 loading class org/codehaus/groovy/runtime/callsite/AbstractCallSite done


Dynamic libraries:
0x00007ff716c30000 - 0x00007ff716c61000 	C:\Program Files\Android\Android Studio\jre\bin\java.exe
0x00007ffe9ec50000 - 0x00007ffe9ee21000 	C:\WINDOWS\SYSTEM32\ntdll.dll
0x00007ffe9e050000 - 0x00007ffe9e0fb000 	C:\WINDOWS\System32\KERNEL32.DLL
0x00007ffe7e740000 - 0x00007ffe7e774000 	C:\Program Files\AVAST Software\Avast\x64\aswhooka.dll
0x00007ffe9bdf0000 - 0x00007ffe9c00d000 	C:\WINDOWS\System32\KERNELBASE.dll
0x00007ffe9c850000 - 0x00007ffe9c8f2000 	C:\WINDOWS\System32\ADVAPI32.dll
0x00007ffe9c380000 - 0x00007ffe9c41e000 	C:\WINDOWS\System32\msvcrt.dll
0x00007ffe9eb40000 - 0x00007ffe9eb99000 	C:\WINDOWS\System32\sechost.dll
0x00007ffe9c560000 - 0x00007ffe9c681000 	C:\WINDOWS\System32\RPCRT4.dll
0x00007ffe9e4e0000 - 0x00007ffe9e645000 	C:\WINDOWS\System32\USER32.dll
0x00007ffe9b820000 - 0x00007ffe9b83e000 	C:\WINDOWS\System32\win32u.dll
0x00007ffe9e4a0000 - 0x00007ffe9e4d4000 	C:\WINDOWS\System32\GDI32.dll
0x00007ffe9b990000 - 0x00007ffe9bb12000 	C:\WINDOWS\System32\gdi32full.dll
0x00007ffe93760000 - 0x00007ffe939d9000 	C:\WINDOWS\WinSxS\amd64_microsoft.windows.common-controls_6595b64144ccf1df_6.0.14393.447_none_42191651c6827bb3\COMCTL32.dll
0x00007ffe9e100000 - 0x00007ffe9e3c7000 	C:\WINDOWS\System32\combase.dll
0x00007ffe9bbd0000 - 0x00007ffe9bcc5000 	C:\WINDOWS\System32\ucrtbase.dll
0x00007ffe9bcd0000 - 0x00007ffe9bd3a000 	C:\WINDOWS\System32\bcryptPrimitives.dll
0x00007ffe9df20000 - 0x00007ffe9df4e000 	C:\WINDOWS\System32\IMM32.DLL
0x0000000050250000 - 0x0000000050322000 	C:\Program Files\Android\Android Studio\jre\jre\bin\msvcr100.dll
0x00000000777c0000 - 0x0000000077ff4000 	C:\Program Files\Android\Android Studio\jre\jre\bin\server\jvm.dll
0x00007ffe9ec40000 - 0x00007ffe9ec48000 	C:\WINDOWS\System32\PSAPI.DLL
0x00007ffe8cb70000 - 0x00007ffe8cb79000 	C:\WINDOWS\SYSTEM32\WSOCK32.dll
0x00007ffe9e430000 - 0x00007ffe9e49a000 	C:\WINDOWS\System32\WS2_32.dll
0x00007ffe995f0000 - 0x00007ffe99613000 	C:\WINDOWS\SYSTEM32\WINMM.dll
0x00007ffe939f0000 - 0x00007ffe939fa000 	C:\WINDOWS\SYSTEM32\VERSION.dll
0x00007ffe99590000 - 0x00007ffe995bb000 	C:\WINDOWS\SYSTEM32\WINMMBASE.dll
0x00007ffe9bd40000 - 0x00007ffe9bd82000 	C:\WINDOWS\System32\cfgmgr32.dll
0x00007ffe94640000 - 0x00007ffe9464f000 	C:\Program Files\Android\Android Studio\jre\jre\bin\verify.dll
0x00007ffe87e00000 - 0x00007ffe87e29000 	C:\Program Files\Android\Android Studio\jre\jre\bin\java.dll
0x00007ffe8a390000 - 0x00007ffe8a3a6000 	C:\Program Files\Android\Android Studio\jre\jre\bin\zip.dll
0x00007ffe9c960000 - 0x00007ffe9de69000 	C:\WINDOWS\System32\SHELL32.dll
0x00007ffe9b140000 - 0x00007ffe9b81a000 	C:\WINDOWS\System32\windows.storage.dll
0x00007ffe9b0d0000 - 0x00007ffe9b11c000 	C:\WINDOWS\System32\powrprof.dll
0x00007ffe9c690000 - 0x00007ffe9c6e2000 	C:\WINDOWS\System32\shlwapi.dll
0x00007ffe9b0b0000 - 0x00007ffe9b0bf000 	C:\WINDOWS\System32\kernel.appcore.dll
0x00007ffe9bb20000 - 0x00007ffe9bbc9000 	C:\WINDOWS\System32\shcore.dll
0x00007ffe9b120000 - 0x00007ffe9b134000 	C:\WINDOWS\System32\profapi.dll
0x00007ffe946c0000 - 0x00007ffe946da000 	C:\Program Files\Android\Android Studio\jre\jre\bin\net.dll
0x00007ffe9a8b0000 - 0x00007ffe9a90c000 	C:\WINDOWS\system32\mswsock.dll
0x00007ffe946a0000 - 0x00007ffe946b1000 	C:\Program Files\Android\Android Studio\jre\jre\bin\nio.dll
0x00007ffe8aa20000 - 0x00007ffe8aa32000 	C:\Users\Naseem\.gradle\native\19\windows-amd64\native-platform.dll
0x00007ffe9ab20000 - 0x00007ffe9ab37000 	C:\WINDOWS\SYSTEM32\CRYPTSP.dll
0x00007ffe9aa30000 - 0x00007ffe9aa63000 	C:\WINDOWS\system32\rsaenh.dll
0x00007ffe9aff0000 - 0x00007ffe9b01b000 	C:\WINDOWS\SYSTEM32\bcrypt.dll
0x00007ffe9a730000 - 0x00007ffe9a74f000 	C:\WINDOWS\SYSTEM32\USERENV.dll
0x00007ffe9ab40000 - 0x00007ffe9ab4b000 	C:\WINDOWS\SYSTEM32\CRYPTBASE.dll
0x00007ffe9a640000 - 0x00007ffe9a678000 	C:\WINDOWS\SYSTEM32\IPHLPAPI.DLL
0x00007ffe9df10000 - 0x00007ffe9df18000 	C:\WINDOWS\System32\NSI.dll
0x00007ffe942d0000 - 0x00007ffe942e6000 	C:\WINDOWS\SYSTEM32\dhcpcsvc6.DLL
0x00007ffe94380000 - 0x00007ffe9439a000 	C:\WINDOWS\SYSTEM32\dhcpcsvc.DLL
0x00007ffe94660000 - 0x00007ffe9466d000 	C:\Program Files\Android\Android Studio\jre\jre\bin\management.dll

VM Arguments:
jvm_args: -Xmx1536m -Dfile.encoding=windows-1252 -Duser.country=IN -Duser.language=en -Duser.variant 
java_command: org.gradle.launcher.daemon.bootstrap.GradleDaemon 2.14.1
java_class_path (initial): C:\Users\Naseem\.gradle\wrapper\dists\gradle-2.14.1-all\8bnwg5hd3w55iofp58khbp6yv\gradle-2.14.1\lib\gradle-launcher-2.14.1.jar
Launcher Type: SUN_STANDARD

Environment Variables:
JAVA_HOME=C:\Program Files\Java\jdk1.8.0_101
PATH=C:\Users\Naseem\AppData\Local\Android\sdk;C:\Newgradle\gradle-3.1\bin;C:\Program Files\Git\cmd;C:\Program Files\Git\mingw64\bin;C:\Program Files\Git\usr\bin;C:\Program Files\OpenSSL\bin\;C:\Program Files (x86)\Skype\Phone\;C:\Program Files\Java\jdk1.8.0_101\bin
USERNAME=Naseem
OS=Windows_NT
PROCESSOR_IDENTIFIER=Intel64 Family 6 Model 58 Stepping 9, GenuineIntel



---------------  S Y S T E M  ---------------

OS: Windows 10.0 , 64 bit Build 14393 (10.0.14393.0)

CPU:total 4 (2 cores per cpu, 2 threads per core) family 6 model 58 stepping 9, cmov, cx8, fxsr, mmx, sse, sse2, sse3, ssse3, sse4.1, sse4.2, popcnt, avx, clmul, erms, ht, tsc, tscinvbit, tscinv

Memory: 4k page, physical 4090216k(481668k free), swap 7235944k(5132k free)

vm_info: OpenJDK 64-Bit Server VM (25.76-b03) for windows-amd64 JRE (1.8.0_76-release-b03), built on Jun 29 2016 19:09:20 by "ralucas" with MS VC++ 10.0 (VS2010)

time: Fri Feb 23 12:10:27 2018
elapsed time: 3 seconds (0d 0h 0m 3s)

